  adding: a2.pdf (164 bytes security) (deflated 46%)
  adding: assignment_zip.log (164 bytes security) (stored 0%)
  adding: BatchNormalization.ipynb (164 bytes security) (deflated 30%)
  adding: ConvolutionalNetworks.ipynb (164 bytes security) (deflated 36%)
  adding: cs231n/ (164 bytes security) (stored 0%)
  adding: cs231n/build/ (164 bytes security) (stored 0%)
  adding: cs231n/build/temp.win-amd64-3.7/ (164 bytes security) (stored 0%)
  adding: cs231n/build/temp.win-amd64-3.7/Release/ (164 bytes security) (stored 0%)
  adding: cs231n/build/temp.win-amd64-3.7/Release/im2col_cython.cp37-win_amd64.exp (164 bytes security) (deflated 42%)
  adding: cs231n/build/temp.win-amd64-3.7/Release/im2col_cython.cp37-win_amd64.lib (164 bytes security) (deflated 75%)
  adding: cs231n/build/temp.win-amd64-3.7/Release/im2col_cython.obj (164 bytes security) (deflated 74%)
  adding: cs231n/classifiers/ (164 bytes security) (stored 0%)
  adding: cs231n/classifiers/cnn.py (164 bytes security) (deflated 73%)
  adding: cs231n/classifiers/fc_net.py (164 bytes security) (deflated 80%)
  adding: cs231n/classifiers/__init__.py (164 bytes security) (stored 0%)
  adding: cs231n/data_utils.py (164 bytes security) (deflated 69%)
  adding: cs231n/fast_layers.py (164 bytes security) (deflated 73%)
  adding: cs231n/gradient_check.py (164 bytes security) (deflated 68%)
  adding: cs231n/im2col.py (164 bytes security) (deflated 68%)
  adding: cs231n/im2col_cython.c (164 bytes security) (deflated 88%)
  adding: cs231n/im2col_cython.cp37-win_amd64.pyd (164 bytes security) (deflated 59%)
  adding: cs231n/im2col_cython.pyx (164 bytes security) (deflated 78%)
  adding: cs231n/layers.py (164 bytes security) (deflated 82%)
  adding: cs231n/layer_utils.py (164 bytes security) (deflated 80%)
  adding: cs231n/optim.py (164 bytes security) (deflated 75%)
  adding: cs231n/setup.py (164 bytes security) (deflated 45%)
  adding: cs231n/solver.py (164 bytes security) (deflated 70%)
  adding: cs231n/vis_utils.py (164 bytes security) (deflated 64%)
  adding: cs231n/__init__.py (164 bytes security) (stored 0%)
  adding: cs231n-2019-assignment2/ (164 bytes security) (stored 0%)
  adding: cs231n-2019-assignment2/BatchNormalization.ipynb (164 bytes security) (deflated 30%)
  adding: cs231n-2019-assignment2/cnn.py (164 bytes security) (deflated 73%)
  adding: cs231n-2019-assignment2/ConvolutionalNetworks.ipynb (164 bytes security) (deflated 36%)
  adding: cs231n-2019-assignment2/Dropout.ipynb (164 bytes security) (deflated 42%)
  adding: cs231n-2019-assignment2/fc_net.py (164 bytes security) (deflated 80%)
  adding: cs231n-2019-assignment2/FullyConnectedNets.ipynb (164 bytes security) (deflated 36%)
  adding: cs231n-2019-assignment2/layers.py (164 bytes security) (deflated 82%)
  adding: cs231n-2019-assignment2/optim.py (164 bytes security) (deflated 75%)
  adding: cs231n-2019-assignment2/PyTorch.ipynb (164 bytes security) (deflated 77%)
  adding: cs231n-2019-assignment2/TensorFlow.ipynb (164 bytes security) (deflated 78%)
  adding: Dropout.ipynb (164 bytes security) (deflated 42%)
  adding: frameworkpython (164 bytes security) (deflated 36%)
  adding: FullyConnectedNets.ipynb (164 bytes security) (deflated 36%)
  adding: notebook_images/ (164 bytes security) (stored 0%)
  adding: notebook_images/batchnorm_graph.png (164 bytes security) (deflated 10%)
  adding: notebook_images/kitten.jpg (164 bytes security) (deflated 0%)
  adding: notebook_images/normalization.png (164 bytes security) (deflated 2%)
  adding: notebook_images/puppy.jpg (164 bytes security) (deflated 18%)
  adding: PyTorch.ipynb (164 bytes security) (deflated 77%)
  adding: start_ipython_osx.sh (164 bytes security) (deflated 24%)
  adding: TensorFlow.ipynb (164 bytes security) (deflated 78%)
