  adding: assignment_zip.log (164 bytes security) (stored 0%)
  adding: cs231n/ (164 bytes security) (stored 0%)
  adding: cs231n/classifiers/ (164 bytes security) (stored 0%)
  adding: cs231n/classifiers/k_nearest_neighbor.py (164 bytes security) (deflated 78%)
  adding: cs231n/classifiers/linear_classifier.py (164 bytes security) (deflated 72%)
  adding: cs231n/classifiers/linear_svm.py (164 bytes security) (deflated 70%)
  adding: cs231n/classifiers/neural_net.py (164 bytes security) (deflated 72%)
  adding: cs231n/classifiers/softmax.py (164 bytes security) (deflated 70%)
  adding: cs231n/classifiers/__init__.py (164 bytes security) (deflated 38%)
  adding: cs231n/data_utils.py (164 bytes security) (deflated 69%)
  adding: cs231n/features.py (164 bytes security) (deflated 62%)
  adding: cs231n/gradient_check.py (164 bytes security) (deflated 68%)
  adding: cs231n/vis_utils.py (164 bytes security) (deflated 64%)
  adding: cs231n/__init__.py (164 bytes security) (stored 0%)
  adding: features.ipynb (164 bytes security) (deflated 29%)
  adding: frameworkpython (164 bytes security) (deflated 36%)
  adding: knn.ipynb (164 bytes security) (deflated 29%)
  adding: softmax.ipynb (164 bytes security) (deflated 39%)
  adding: start_ipython_osx.sh (164 bytes security) (deflated 24%)
  adding: svm.ipynb (164 bytes security) (deflated 29%)
  adding: two_layer_net.ipynb (164 bytes security) (deflated 41%)
